# JRE version: Java(TM) SE Runtime Environment (8.0_101-b13) (build 1.8.0_101-b13)
# Java VM: Java HotSpot(TM) 64-Bit Server VM (25.101-b13 mixed mode bsd-amd64 compressed oops)
Heap:
 PSYoungGen      total 324608K, used 10677K [0x0000000795580000, 0x00000007aa980000, 0x00000007c0000000)
  eden space 303104K, 3% used [0x0000000795580000,0x0000000795fed6e0,0x00000007a7d80000)
  from space 21504K, 0% used [0x00000007a9480000,0x00000007a9480000,0x00000007aa980000)
  to   space 22528K, 0% used [0x00000007a7d80000,0x00000007a7d80000,0x00000007a9380000)
 ParOldGen       total 86528K, used 25188K [0x0000000740000000, 0x0000000745480000, 0x0000000795580000)
  object space 86528K, 29% used [0x0000000740000000,0x00000007418990e0,0x0000000745480000)
 Metaspace       used 43715K, capacity 44228K, committed 46080K, reserved 1089536K
  class space    used 6110K, capacity 6214K, committed 6656K, reserved 1048576K
GC Heap History (10 events):
Event: 13276.858 GC heap before
{Heap before GC invocations=31 (full 7):
 PSYoungGen      total 327168K, used 96K [0x0000000795580000, 0x00000007aac80000, 0x00000007c0000000)
  eden space 303104K, 0% used [0x0000000795580000,0x0000000795580000,0x00000007a7d80000)
  from space 24064K, 0% used [0x00000007a9500000,0x00000007a9518000,0x00000007aac80000)
  to   space 24064K, 0% used [0x00000007a7d80000,0x00000007a7d80000,0x00000007a9500000)
 ParOldGen       total 86528K, used 25393K [0x0000000740000000, 0x0000000745480000, 0x0000000795580000)
  object space 86528K, 29% used [0x0000000740000000,0x00000007418cc530,0x0000000745480000)
 Metaspace       used 43654K, capacity 44158K, committed 46080K, reserved 1089536K
  class space    used 6109K, capacity 6213K, committed 6656K, reserved 1048576K
Event: 13276.907 GC heap after
Heap after GC invocations=31 (full 7):
 PSYoungGen      total 327168K, used 0K [0x0000000795580000, 0x00000007aac80000, 0x00000007c0000000)
  eden space 303104K, 0% used [0x0000000795580000,0x0000000795580000,0x00000007a7d80000)
  from space 24064K, 0% used [0x00000007a9500000,0x00000007a9500000,0x00000007aac80000)
  to   space 24064K, 0% used [0x00000007a7d80000,0x00000007a7d80000,0x00000007a9500000)
 ParOldGen       total 86528K, used 25372K [0x0000000740000000, 0x0000000745480000, 0x0000000795580000)
  object space 86528K, 29% used [0x0000000740000000,0x00000007418c7158,0x0000000745480000)
 Metaspace       used 43654K, capacity 44158K, committed 46080K, reserved 1089536K
  class space    used 6109K, capacity 6213K, committed 6656K, reserved 1048576K
}
Event: 13276.908 GC heap before
{Heap before GC invocations=32 (full 7):
 PSYoungGen      total 327168K, used 1105K [0x0000000795580000, 0x00000007aac80000, 0x00000007c0000000)
  eden space 303104K, 0% used [0x0000000795580000,0x0000000795694518,0x00000007a7d80000)
  from space 24064K, 0% used [0x00000007a9500000,0x00000007a9500000,0x00000007aac80000)
  to   space 24064K, 0% used [0x00000007a7d80000,0x00000007a7d80000,0x00000007a9500000)
 ParOldGen       total 86528K, used 25372K [0x0000000740000000, 0x0000000745480000, 0x0000000795580000)
  object space 86528K, 29% used [0x0000000740000000,0x00000007418c7158,0x0000000745480000)
 Metaspace       used 43654K, capacity 44158K, committed 46080K, reserved 1089536K
  class space    used 6109K, capacity 6213K, committed 6656K, reserved 1048576K
Event: 13276.910 GC heap after
Heap after GC invocations=32 (full 7):
 PSYoungGen      total 303616K, used 128K [0x0000000795580000, 0x00000007aab80000, 0x00000007c0000000)
  eden space 303104K, 0% used [0x0000000795580000,0x0000000795580000,0x00000007a7d80000)
  from space 512K, 25% used [0x00000007a7d80000,0x00000007a7da0000,0x00000007a7e00000)
  to   space 23552K, 0% used [0x00000007a9480000,0x00000007a9480000,0x00000007aab80000)
 ParOldGen       total 86528K, used 25372K [0x0000000740000000, 0x0000000745480000, 0x0000000795580000)
  object space 86528K, 29% used [0x0000000740000000,0x00000007418c7158,0x0000000745480000)
 Metaspace       used 43654K, capacity 44158K, committed 46080K, reserved 1089536K
  class space    used 6109K, capacity 6213K, committed 6656K, reserved 1048576K
}
Event: 13276.910 GC heap before
{Heap before GC invocations=33 (full 8):
 PSYoungGen      total 303616K, used 128K [0x0000000795580000, 0x00000007aab80000, 0x00000007c0000000)
  eden space 303104K, 0% used [0x0000000795580000,0x0000000795580000,0x00000007a7d80000)
  from space 512K, 25% used [0x00000007a7d80000,0x00000007a7da0000,0x00000007a7e00000)
  to   space 23552K, 0% used [0x00000007a9480000,0x00000007a9480000,0x00000007aab80000)
 ParOldGen       total 86528K, used 25372K [0x0000000740000000, 0x0000000745480000, 0x0000000795580000)
  object space 86528K, 29% used [0x0000000740000000,0x00000007418c7158,0x0000000745480000)
 Metaspace       used 43654K, capacity 44158K, committed 46080K, reserved 1089536K
  class space    used 6109K, capacity 6213K, committed 6656K, reserved 1048576K
Event: 13276.998 GC heap after
Heap after GC invocations=33 (full 8):
 PSYoungGen      total 303616K, used 0K [0x0000000795580000, 0x00000007aab80000, 0x00000007c0000000)
  eden space 303104K, 0% used [0x0000000795580000,0x0000000795580000,0x00000007a7d80000)
  from space 512K, 0% used [0x00000007a7d80000,0x00000007a7d80000,0x00000007a7e00000)
  to   space 23552K, 0% used [0x00000007a9480000,0x00000007a9480000,0x00000007aab80000)
 ParOldGen       total 86528K, used 25218K [0x0000000740000000, 0x0000000745480000, 0x0000000795580000)
  object space 86528K, 29% used [0x0000000740000000,0x00000007418a09d8,0x0000000745480000)
 Metaspace       used 43654K, capacity 44158K, committed 46080K, reserved 1089536K
  class space    used 6109K, capacity 6213K, committed 6656K, reserved 1048576K
}
Event: 13276.998 GC heap before
{Heap before GC invocations=34 (full 8):
 PSYoungGen      total 303616K, used 1139K [0x0000000795580000, 0x00000007aab80000, 0x00000007c0000000)
  eden space 303104K, 0% used [0x0000000795580000,0x000000079569cc08,0x00000007a7d80000)
  from space 512K, 0% used [0x00000007a7d80000,0x00000007a7d80000,0x00000007a7e00000)
  to   space 23552K, 0% used [0x00000007a9480000,0x00000007a9480000,0x00000007aab80000)
 ParOldGen       total 86528K, used 25218K [0x0000000740000000, 0x0000000745480000, 0x0000000795580000)
  object space 86528K, 29% used [0x0000000740000000,0x00000007418a09d8,0x0000000745480000)
 Metaspace       used 43654K, capacity 44158K, committed 46080K, reserved 1089536K
  class space    used 6109K, capacity 6213K, committed 6656K, reserved 1048576K
Event: 13277.000 GC heap after
Heap after GC invocations=34 (full 8):
 PSYoungGen      total 324608K, used 96K [0x0000000795580000, 0x00000007aa980000, 0x00000007c0000000)
  eden space 303104K, 0% used [0x0000000795580000,0x0000000795580000,0x00000007a7d80000)
  from space 21504K, 0% used [0x00000007a9480000,0x00000007a9498000,0x00000007aa980000)
  to   space 22528K, 0% used [0x00000007a7d80000,0x00000007a7d80000,0x00000007a9380000)
 ParOldGen       total 86528K, used 25218K [0x0000000740000000, 0x0000000745480000, 0x0000000795580000)
  object space 86528K, 29% used [0x0000000740000000,0x00000007418a09d8,0x0000000745480000)
 Metaspace       used 43654K, capacity 44158K, committed 46080K, reserved 1089536K
  class space    used 6109K, capacity 6213K, committed 6656K, reserved 1048576K
}
Event: 13277.000 GC heap before
{Heap before GC invocations=35 (full 9):
 PSYoungGen      total 324608K, used 96K [0x0000000795580000, 0x00000007aa980000, 0x00000007c0000000)
  eden space 303104K, 0% used [0x0000000795580000,0x0000000795580000,0x00000007a7d80000)
  from space 21504K, 0% used [0x00000007a9480000,0x00000007a9498000,0x00000007aa980000)
  to   space 22528K, 0% used [0x00000007a7d80000,0x00000007a7d80000,0x00000007a9380000)
 ParOldGen       total 86528K, used 25218K [0x0000000740000000, 0x0000000745480000, 0x0000000795580000)
  object space 86528K, 29% used [0x0000000740000000,0x00000007418a09d8,0x0000000745480000)
 Metaspace       used 43654K, capacity 44158K, committed 46080K, reserved 1089536K
  class space    used 6109K, capacity 6213K, committed 6656K, reserved 1048576K
Event: 13277.051 GC heap after
Heap after GC invocations=35 (full 9):
 PSYoungGen      total 324608K, used 0K [0x0000000795580000, 0x00000007aa980000, 0x00000007c0000000)
  eden space 303104K, 0% used [0x0000000795580000,0x0000000795580000,0x00000007a7d80000)
  from space 21504K, 0% used [0x00000007a9480000,0x00000007a9480000,0x00000007aa980000)
  to   space 22528K, 0% used [0x00000007a7d80000,0x00000007a7d80000,0x00000007a9380000)
 ParOldGen       total 86528K, used 25188K [0x0000000740000000, 0x0000000745480000, 0x0000000795580000)
  object space 86528K, 29% used [0x0000000740000000,0x00000007418990e0,0x0000000745480000)
 Metaspace       used 43654K, capacity 44158K, committed 46080K, reserved 1089536K
  class space    used 6109K, capacity 6213K, committed 6656K, reserved 1048576K
}

